Heap:
 garbage-first heap   total 196608K, used 69025K [0x0000000741c00000, 0x0000000800000000)
  region size 1024K, 1 young (1024K), 1 survivors (1024K)
 Metaspace       used 55538K, capacity 57161K, committed 57372K, reserved 1097728K
  class space    used 7674K, capacity 8298K, committed 8320K, reserved 1048576K
GC Heap History (10 events):
Event: 327.950 GC heap before
{Heap before GC invocations=75 (full 0):
 garbage-first heap   total 196608K, used 145717K [0x0000000741c00000, 0x0000000800000000)
  region size 1024K, 76 young (77824K), 1 survivors (1024K)
 Metaspace       used 55529K, capacity 57158K, committed 57372K, reserved 1097728K
  class space    used 7673K, capacity 8297K, committed 8320K, reserved 1048576K
}
Event: 327.950 GC heap after
{Heap after GC invocations=76 (full 0):
 garbage-first heap   total 196608K, used 69002K [0x0000000741c00000, 0x0000000800000000)
  region size 1024K, 1 young (1024K), 1 survivors (1024K)
 Metaspace       used 55529K, capacity 57158K, committed 57372K, reserved 1097728K
  class space    used 7673K, capacity 8297K, committed 8320K, reserved 1048576K
}
Event: 333.432 GC heap before
{Heap before GC invocations=76 (full 0):
 garbage-first heap   total 196608K, used 150922K [0x0000000741c00000, 0x0000000800000000)
  region size 1024K, 81 young (82944K), 1 survivors (1024K)
 Metaspace       used 55529K, capacity 57158K, committed 57372K, reserved 1097728K
  class space    used 7673K, capacity 8297K, committed 8320K, reserved 1048576K
}
Event: 333.433 GC heap after
{Heap after GC invocations=77 (full 0):
 garbage-first heap   total 196608K, used 69012K [0x0000000741c00000, 0x0000000800000000)
  region size 1024K, 1 young (1024K), 1 survivors (1024K)
 Metaspace       used 55529K, capacity 57158K, committed 57372K, reserved 1097728K
  class space    used 7673K, capacity 8297K, committed 8320K, reserved 1048576K
}
Event: 348.121 GC heap before
{Heap before GC invocations=77 (full 0):
 garbage-first heap   total 196608K, used 155028K [0x0000000741c00000, 0x0000000800000000)
  region size 1024K, 85 young (87040K), 1 survivors (1024K)
 Metaspace       used 55529K, capacity 57158K, committed 57372K, reserved 1097728K
  class space    used 7673K, capacity 8297K, committed 8320K, reserved 1048576K
}
Event: 348.122 GC heap after
{Heap after GC invocations=78 (full 0):
 garbage-first heap   total 196608K, used 69026K [0x0000000741c00000, 0x0000000800000000)
  region size 1024K, 1 young (1024K), 1 survivors (1024K)
 Metaspace       used 55529K, capacity 57158K, committed 57372K, reserved 1097728K
  class space    used 7673K, capacity 8297K, committed 8320K, reserved 1048576K
}
Event: 356.768 GC heap before
{Heap before GC invocations=78 (full 0):
 garbage-first heap   total 196608K, used 158114K [0x0000000741c00000, 0x0000000800000000)
  region size 1024K, 88 young (90112K), 1 survivors (1024K)
 Metaspace       used 55529K, capacity 57158K, committed 57372K, reserved 1097728K
  class space    used 7673K, capacity 8297K, committed 8320K, reserved 1048576K
}
Event: 356.769 GC heap after
{Heap after GC invocations=79 (full 0):
 garbage-first heap   total 196608K, used 69019K [0x0000000741c00000, 0x0000000800000000)
  region size 1024K, 1 young (1024K), 1 survivors (1024K)
 Metaspace       used 55529K, capacity 57158K, committed 57372K, reserved 1097728K
  class space    used 7673K, capacity 8297K, committed 8320K, reserved 1048576K
}
Event: 517.095 GC heap before
{Heap before GC invocations=79 (full 0):
 garbage-first heap   total 196608K, used 105883K [0x0000000741c00000, 0x0000000800000000)
  region size 1024K, 38 young (38912K), 1 survivors (1024K)
 Metaspace       used 55538K, capacity 57161K, committed 57372K, reserved 1097728K
  class space    used 7674K, capacity 8298K, committed 8320K, reserved 1048576K
}
Event: 517.097 GC heap after
{Heap after GC invocations=80 (full 0):
 garbage-first heap   total 196608K, used 69025K [0x0000000741c00000, 0x0000000800000000)
  region size 1024K, 1 young (1024K), 1 survivors (1024K)
 Metaspace       used 55538K, capacity 57161K, committed 57372K, reserved 1097728K
  class space    used 7674K, capacity 8298K, committed 8320K, reserved 1048576K
}

